2019-06-26 04:32:09,486 INFO o.a.j.u.JMeterUtils: Setting Locale to en_EN
2019-06-26 04:32:09,516 INFO o.a.j.JMeter: Loading user properties from: /opt/apache-jmeter-4.0/bin/user.properties
2019-06-26 04:32:09,517 INFO o.a.j.JMeter: Loading system properties from: /opt/apache-jmeter-4.0/bin/system.properties
2019-06-26 04:32:09,526 INFO o.a.j.JMeter: Copyright (c) 1998-2018 The Apache Software Foundation
2019-06-26 04:32:09,527 INFO o.a.j.JMeter: Version 4.0 r1823414
2019-06-26 04:32:09,528 INFO o.a.j.JMeter: java.version=1.8.0_201
2019-06-26 04:32:09,528 INFO o.a.j.JMeter: java.vm.name=OpenJDK 64-Bit Server VM
2019-06-26 04:32:09,529 INFO o.a.j.JMeter: os.name=Linux
2019-06-26 04:32:09,532 INFO o.a.j.JMeter: os.arch=amd64
2019-06-26 04:32:09,533 INFO o.a.j.JMeter: os.version=4.9.125-linuxkit
2019-06-26 04:32:09,533 INFO o.a.j.JMeter: file.encoding=ANSI_X3.4-1968
2019-06-26 04:32:09,533 INFO o.a.j.JMeter: Max memory     =243269632
2019-06-26 04:32:09,534 INFO o.a.j.JMeter: Available Processors =2
2019-06-26 04:32:09,542 INFO o.a.j.JMeter: Default Locale=English (EN)
2019-06-26 04:32:09,543 INFO o.a.j.JMeter: JMeter  Locale=English (EN)
2019-06-26 04:32:09,544 INFO o.a.j.JMeter: JMeterHome=/opt/apache-jmeter-4.0
2019-06-26 04:32:09,544 INFO o.a.j.JMeter: user.dir  =/opt/jmeter/jmx
2019-06-26 04:32:09,545 INFO o.a.j.JMeter: PWD       =/opt/jmeter/jmx
2019-06-26 04:32:09,546 INFO o.a.j.JMeter: IP: 172.17.0.2 Name: 2e6f3aacbbad FullName: 2e6f3aacbbad
2019-06-26 04:32:09,555 INFO o.a.j.s.FileServer: Default base='/opt/jmeter/jmx'
2019-06-26 04:32:09,571 INFO o.a.j.s.FileServer: Set new base='/opt/jmeter/jmx'
2019-06-26 04:32:09,863 INFO o.a.j.s.SaveService: Testplan (JMX) version: 2.2. Testlog (JTL) version: 2.2
2019-06-26 04:32:09,896 INFO o.a.j.s.SaveService: Using SaveService properties file encoding UTF-8
2019-06-26 04:32:09,904 INFO o.a.j.s.SaveService: Using SaveService properties version 4.0
2019-06-26 04:32:09,921 INFO o.a.j.s.SaveService: Loading file: /opt/jmeter/jmx/myproject.jmx
2019-06-26 04:32:09,998 INFO o.a.j.p.h.c.CacheManager: Will only cache the following methods: [GET]
2019-06-26 04:32:10,001 INFO o.a.j.p.h.c.CookieManager: Settings: Delete null: true Check: true Allow variable: true Save: false Prefix: COOKIE_
2019-06-26 04:32:10,017 INFO o.a.j.p.h.s.HTTPSamplerBase: Parser for text/html is org.apache.jmeter.protocol.http.parser.LagartoBasedHtmlParser
2019-06-26 04:32:10,017 INFO o.a.j.p.h.s.HTTPSamplerBase: Parser for application/xhtml+xml is org.apache.jmeter.protocol.http.parser.LagartoBasedHtmlParser
2019-06-26 04:32:10,018 INFO o.a.j.p.h.s.HTTPSamplerBase: Parser for application/xml is org.apache.jmeter.protocol.http.parser.LagartoBasedHtmlParser
2019-06-26 04:32:10,018 INFO o.a.j.p.h.s.HTTPSamplerBase: Parser for text/xml is org.apache.jmeter.protocol.http.parser.LagartoBasedHtmlParser
2019-06-26 04:32:10,019 INFO o.a.j.p.h.s.HTTPSamplerBase: Parser for text/vnd.wap.wml is org.apache.jmeter.protocol.http.parser.RegexpHTMLParser
2019-06-26 04:32:10,019 INFO o.a.j.p.h.s.HTTPSamplerBase: Parser for text/css is org.apache.jmeter.protocol.http.parser.CssParser
2019-06-26 04:32:10,067 INFO o.a.j.JMeter: Creating summariser <summary>
2019-06-26 04:32:10,078 INFO o.a.j.e.StandardJMeterEngine: Running the test!
2019-06-26 04:32:10,080 INFO o.a.j.s.SampleEvent: List of sample_variables: []
2019-06-26 04:32:10,081 INFO o.a.j.s.SampleEvent: List of sample_variables: []
2019-06-26 04:32:10,090 INFO o.a.j.e.u.CompoundVariable: Note: Function class names must contain the string: '.functions.'
2019-06-26 04:32:10,090 INFO o.a.j.e.u.CompoundVariable: Note: Function class names must not contain the string: '.gui.'
2019-06-26 04:32:10,898 INFO o.a.j.JMeter: Running test (1561523530898)
2019-06-26 04:32:10,941 INFO o.a.j.e.StandardJMeterEngine: Starting ThreadGroup: 1 : Visitor Page
2019-06-26 04:32:10,942 INFO o.a.j.e.StandardJMeterEngine: Starting 6 threads for group Visitor Page.
2019-06-26 04:32:10,942 INFO o.a.j.e.StandardJMeterEngine: Thread will stop on error
2019-06-26 04:32:10,943 INFO o.a.j.t.ThreadGroup: Starting thread group... number=1 threads=6 ramp-up=1 perThread=166.66667 delayedStart=false
2019-06-26 04:32:10,959 INFO o.a.j.t.JMeterThread: Thread started: Visitor Page 1-1
2019-06-26 04:32:10,960 INFO o.a.j.t.ThreadGroup: Started thread group number 1
2019-06-26 04:32:10,961 INFO o.a.j.e.StandardJMeterEngine: All thread groups have been started
2019-06-26 04:32:10,997 INFO o.a.j.p.h.s.HTTPHCAbstractImpl: Local host = 2e6f3aacbbad
2019-06-26 04:32:11,008 INFO o.a.j.p.h.s.HTTPHC4Impl: HTTP request retry count = 0
2019-06-26 04:32:11,026 INFO o.a.j.s.SampleResult: Note: Sample TimeStamps are START times
2019-06-26 04:32:11,027 INFO o.a.j.s.SampleResult: sampleresult.default.encoding is set to ISO-8859-1
2019-06-26 04:32:11,028 INFO o.a.j.s.SampleResult: sampleresult.useNanoTime=true
2019-06-26 04:32:11,029 INFO o.a.j.s.SampleResult: sampleresult.nanoThreadSleep=5000
2019-06-26 04:32:11,127 INFO o.a.j.t.JMeterThread: Thread started: Visitor Page 1-2
2019-06-26 04:32:11,296 INFO o.a.j.t.JMeterThread: Thread started: Visitor Page 1-3
2019-06-26 04:32:11,381 INFO o.a.j.p.h.s.LazySchemeSocketFactory: Setting up HTTPS TrustAll Socket Factory
2019-06-26 04:32:11,404 INFO o.a.j.u.JsseSSLManager: Using default SSL protocol: TLS
2019-06-26 04:32:11,404 INFO o.a.j.u.JsseSSLManager: SSL session context: per-thread
2019-06-26 04:32:11,460 INFO o.a.j.t.JMeterThread: Thread started: Visitor Page 1-4
2019-06-26 04:32:11,604 INFO o.a.j.u.SSLManager: JmeterKeyStore Location:  type JKS
2019-06-26 04:32:11,606 INFO o.a.j.u.SSLManager: KeyStore created OK
2019-06-26 04:32:11,607 WARN o.a.j.u.SSLManager: Keystore file not found, loading empty keystore
2019-06-26 04:32:11,628 INFO o.a.j.t.JMeterThread: Thread started: Visitor Page 1-5
2019-06-26 04:32:11,798 INFO o.a.j.t.JMeterThread: Thread started: Visitor Page 1-6
2019-06-26 04:32:30,118 INFO o.a.j.r.Summariser: Generate Summary Results +    391 in 00:00:19 =   20.3/s Avg:   283 Min:   189 Max:  1954 Err:     0 (0.00%) Active: 6 Started: 6 Finished: 0
2019-06-26 04:32:30,119 INFO o.a.j.r.Summariser: summary +    391 in 00:00:19 =   20.3/s Avg:   283 Min:   189 Max:  1954 Err:     0 (0.00%) Active: 6 Started: 6 Finished: 0
2019-06-26 04:33:00,120 INFO o.a.j.r.Summariser: summary +    690 in 00:00:30 =   23.0/s Avg:   260 Min:   188 Max:   725 Err:     0 (0.00%) Active: 6 Started: 6 Finished: 0
2019-06-26 04:33:00,122 INFO o.a.j.r.Summariser: Generate Summary Results +    690 in 00:00:30 =   23.0/s Avg:   260 Min:   188 Max:   725 Err:     0 (0.00%) Active: 6 Started: 6 Finished: 0
2019-06-26 04:33:00,125 INFO o.a.j.r.Summariser: Generate Summary Results =   1081 in 00:00:49 =   21.9/s Avg:   268 Min:   188 Max:  1954 Err:     0 (0.00%)
2019-06-26 04:33:00,127 INFO o.a.j.r.Summariser: summary =   1081 in 00:00:49 =   22.0/s Avg:   268 Min:   188 Max:  1954 Err:     0 (0.00%)
2019-06-26 04:33:10,982 INFO o.a.j.t.JMeterThread: Stopping because end time detected by thread: Visitor Page 1-1
2019-06-26 04:33:10,982 INFO o.a.j.t.JMeterThread: Stopping because end time detected by thread: Visitor Page 1-2
2019-06-26 04:33:10,983 INFO o.a.j.t.JMeterThread: Stopping because end time detected by thread: Visitor Page 1-3
2019-06-26 04:33:10,990 INFO o.a.j.t.JMeterThread: Thread finished: Visitor Page 1-3
2019-06-26 04:33:10,986 INFO o.a.j.t.JMeterThread: Stopping because end time detected by thread: Visitor Page 1-5
2019-06-26 04:33:10,985 INFO o.a.j.t.JMeterThread: Thread finished: Visitor Page 1-1
2019-06-26 04:33:10,986 INFO o.a.j.t.JMeterThread: Stopping because end time detected by thread: Visitor Page 1-6
2019-06-26 04:33:10,992 INFO o.a.j.t.JMeterThread: Thread finished: Visitor Page 1-6
2019-06-26 04:33:10,985 INFO o.a.j.t.JMeterThread: Stopping because end time detected by thread: Visitor Page 1-4
2019-06-26 04:33:10,986 INFO o.a.j.t.JMeterThread: Thread finished: Visitor Page 1-2
2019-06-26 04:33:10,993 INFO o.a.j.t.JMeterThread: Thread finished: Visitor Page 1-5
2019-06-26 04:33:10,994 INFO o.a.j.t.JMeterThread: Thread finished: Visitor Page 1-4
2019-06-26 04:33:10,996 INFO o.a.j.e.StandardJMeterEngine: Notifying test listeners of end of test
2019-06-26 04:33:10,998 INFO o.a.j.r.Summariser: summary +    257 in 00:00:11 =   23.6/s Avg:   256 Min:   190 Max:   664 Err:     0 (0.00%) Active: 0 Started: 6 Finished: 6
2019-06-26 04:33:10,999 INFO o.a.j.r.Summariser: summary =   1338 in 00:01:00 =   22.3/s Avg:   266 Min:   188 Max:  1954 Err:     0 (0.00%)
2019-06-26 04:33:11,001 INFO o.a.j.r.Summariser: Generate Summary Results +    257 in 00:00:11 =   23.6/s Avg:   256 Min:   190 Max:   664 Err:     0 (0.00%) Active: 0 Started: 6 Finished: 6
2019-06-26 04:33:11,003 INFO o.a.j.r.Summariser: Generate Summary Results =   1338 in 00:01:00 =   22.2/s Avg:   266 Min:   188 Max:  1954 Err:     0 (0.00%)
